Started GET "/" for 127.0.0.1 at 2021-12-21 13:36:52 -0300
Processing by Rails::WelcomeController#index as HTML
  Rendering C:/RailsInstaller/Ruby2.3.3/lib/ruby/gems/2.3.0/gems/railties-5.2.6/lib/rails/templates/rails/welcome/index.html.erb
  Rendered C:/RailsInstaller/Ruby2.3.3/lib/ruby/gems/2.3.0/gems/railties-5.2.6/lib/rails/templates/rails/welcome/index.html.erb (7.5ms)
Completed 200 OK in 87ms (Views: 47.3ms | ActiveRecord: 0.0ms)


Started GET "/" for 127.0.0.1 at 2021-12-21 13:46:43 -0300
Processing by Rails::WelcomeController#index as HTML
  Rendering C:/RailsInstaller/Ruby2.3.3/lib/ruby/gems/2.3.0/gems/railties-5.2.6/lib/rails/templates/rails/welcome/index.html.erb
  Rendered C:/RailsInstaller/Ruby2.3.3/lib/ruby/gems/2.3.0/gems/railties-5.2.6/lib/rails/templates/rails/welcome/index.html.erb (3.4ms)
Completed 200 OK in 58ms (Views: 29.6ms | ActiveRecord: 0.0ms)


Started GET "/controlador" for 127.0.0.1 at 2021-12-21 13:46:47 -0300
  
ActionController::RoutingError (No route matches [GET] "/controlador"):
  
actionpack (5.2.6) lib/action_dispatch/middleware/debug_exceptions.rb:65:in `call'
web-console (3.7.0) lib/web_console/middleware.rb:135:in `call_app'
web-console (3.7.0) lib/web_console/middleware.rb:30:in `block in call'
web-console (3.7.0) lib/web_console/middleware.rb:20:in `catch'
web-console (3.7.0) lib/web_console/middleware.rb:20:in `call'
actionpack (5.2.6) lib/action_dispatch/middleware/show_exceptions.rb:33:in `call'
railties (5.2.6) lib/rails/rack/logger.rb:38:in `call_app'
railties (5.2.6) lib/rails/rack/logger.rb:26:in `block in call'
activesupport (5.2.6) lib/active_support/tagged_logging.rb:71:in `block in tagged'
activesupport (5.2.6) lib/active_support/tagged_logging.rb:28:in `tagged'
activesupport (5.2.6) lib/active_support/tagged_logging.rb:71:in `tagged'
railties (5.2.6) lib/rails/rack/logger.rb:26:in `call'
sprockets-rails (3.2.2) lib/sprockets/rails/quiet_assets.rb:13:in `call'
actionpack (5.2.6) lib/action_dispatch/middleware/remote_ip.rb:81:in `call'
actionpack (5.2.6) lib/action_dispatch/middleware/request_id.rb:27:in `call'
rack (2.2.3) lib/rack/method_override.rb:24:in `call'
rack (2.2.3) lib/rack/runtime.rb:22:in `call'
activesupport (5.2.6) lib/active_support/cache/strategy/local_cache_middleware.rb:29:in `call'
actionpack (5.2.6) lib/action_dispatch/middleware/executor.rb:14:in `call'
actionpack (5.2.6) lib/action_dispatch/middleware/static.rb:127:in `call'
rack (2.2.3) lib/rack/sendfile.rb:110:in `call'
railties (5.2.6) lib/rails/engine.rb:524:in `call'
puma (3.12.6) lib/puma/configuration.rb:227:in `call'
puma (3.12.6) lib/puma/server.rb:706:in `handle_request'
puma (3.12.6) lib/puma/server.rb:476:in `process_client'
puma (3.12.6) lib/puma/server.rb:334:in `block in run'
puma (3.12.6) lib/puma/thread_pool.rb:135:in `block in spawn_thread'
Started GET "/controlador" for 127.0.0.1 at 2021-12-21 13:49:12 -0300
Processing by ControladorController#index as HTML
Started GET "/controlador" for 127.0.0.1 at 2021-12-21 13:49:46 -0300
Processing by ControladorController#index as HTML
Started GET "/" for 127.0.0.1 at 2021-12-21 13:50:09 -0300
  Rendering controlador/index.html.erb within layouts/application
  Rendered controlador/index.html.erb within layouts/application (1.5ms)
Completed 200 OK in 89300ms (Views: 457.4ms | ActiveRecord: 0.0ms)


Completed 500 Internal Server Error in 70611ms (ActiveRecord: 0.0ms)


  
NoMethodError (undefined method `chomp' for nil:NilClass):
  
app/controllers/controlador_controller.rb:4:in `index'
Processing by Rails::WelcomeController#index as HTML
Started GET "/controlador" for 127.0.0.1 at 2021-12-21 13:51:01 -0300
Processing by ControladorController#index as HTML
  Rendering C:/RailsInstaller/Ruby2.3.3/lib/ruby/gems/2.3.0/gems/railties-5.2.6/lib/rails/templates/rails/welcome/index.html.erb
  Rendered C:/RailsInstaller/Ruby2.3.3/lib/ruby/gems/2.3.0/gems/railties-5.2.6/lib/rails/templates/rails/welcome/index.html.erb (2.1ms)
Completed 200 OK in 67ms (Views: 25.2ms | ActiveRecord: 0.0ms)


Completed 500 Internal Server Error in 233ms (ActiveRecord: 0.0ms)


  
NoMethodError (undefined method `chomp' for nil:NilClass):
  
app/controllers/controlador_controller.rb:4:in `index'
Started GET "/controlador" for 127.0.0.1 at 2021-12-21 13:51:19 -0300
Processing by ControladorController#index as HTML
  Rendering controlador/index.html.erb within layouts/application
  Rendered controlador/index.html.erb within layouts/application (1.5ms)
Completed 200 OK in 101818ms (Views: 194.6ms | ActiveRecord: 0.0ms)


Started GET "/controlador" for 127.0.0.1 at 2021-12-21 13:58:25 -0300
Processing by ControladorController#index as HTML
  Rendering controlador/index.html.erb within layouts/application
  Rendered controlador/index.html.erb within layouts/application (160.9ms)
Completed 500 Internal Server Error in 21139ms (ActiveRecord: 0.0ms)


  
ActionView::Template::Error (undefined local variable or method `form' for #<#<Class:0x411c150>:0xa2b3ef8>
Did you mean?  format
               formats
               form_for
               form_tag
               formats=
               form_with
               fork):
    1: <h1>Bienvenido</h1>
    2: <label>Ingrese una palabra</label>
    3: <div class="field">
    4:   <%= form.label :Dirección %>
    5:   <%= form.text_field :address %>
    6: </div>
  
app/views/controlador/index.html.erb:4:in `_app_views_controlador_index_html_erb___185942783_85450920'
Started GET "/controlador" for 127.0.0.1 at 2021-12-21 13:59:13 -0300
Processing by ControladorController#index as HTML
  Rendering controlador/index.html.erb within layouts/application
  Rendered controlador/index.html.erb within layouts/application (0.3ms)
Completed 200 OK in 3833ms (Views: 73.9ms | ActiveRecord: 0.0ms)


Started GET "/controlador" for 127.0.0.1 at 2021-12-21 14:00:41 -0300
Processing by ControladorController#index as HTML
  Rendering controlador/index.html.erb within layouts/application
  Rendered controlador/index.html.erb within layouts/application (1.5ms)
Completed 200 OK in 11840ms (Views: 192.1ms | ActiveRecord: 0.0ms)


Started GET "/controlador" for 127.0.0.1 at 2021-12-21 14:02:40 -0300
Processing by ControladorController#index as HTML
  Rendering controlador/index.html.erb within layouts/application
  Rendered controlador/index.html.erb within layouts/application (1.5ms)
Completed 200 OK in 4241ms (Views: 189.8ms | ActiveRecord: 0.0ms)


Started GET "/controlador" for 127.0.0.1 at 2021-12-21 14:04:01 -0300
Processing by ControladorController#index as HTML
  Rendering controlador/index.html.erb within layouts/application
  Rendered controlador/index.html.erb within layouts/application (1.7ms)
Completed 200 OK in 6071ms (Views: 193.2ms | ActiveRecord: 0.0ms)


Started GET "/controlador" for 127.0.0.1 at 2021-12-21 14:59:07 -0300
Processing by ControladorController#index as HTML
  Rendering controlador/index.html.erb within layouts/application
  Rendered controlador/index.html.erb within layouts/application (1.6ms)
Completed 200 OK in 7556ms (Views: 194.6ms | ActiveRecord: 0.0ms)


Started GET "/controlador" for 127.0.0.1 at 2021-12-21 15:16:08 -0300
Processing by ControladorController#index as HTML
Completed 500 Internal Server Error in 3362ms (ActiveRecord: 0.0ms)


  
NameError (undefined local variable or method `palabra' for #<ControladorController:0x41a7680>
Did you mean?  @palabra):
  
app/controllers/controlador_controller.rb:9:in `index'
Started GET "/controlador" for 127.0.0.1 at 2021-12-21 15:17:09 -0300
Processing by ControladorController#index as HTML
Completed 500 Internal Server Error in 3164ms (ActiveRecord: 0.0ms)


  
NameError (undefined local variable or method `numero' for #<ControladorController:0x41b4ec8>
Did you mean?  numero
               @numero):
  
app/controllers/controlador_controller.rb:15:in `block in index'
app/controllers/controlador_controller.rb:14:in `each'
app/controllers/controlador_controller.rb:14:in `index'
Started GET "/controlador" for 127.0.0.1 at 2021-12-21 15:18:46 -0300
Processing by ControladorController#index as HTML
  Rendering controlador/index.html.erb within layouts/application
  Rendered controlador/index.html.erb within layouts/application (166.9ms)
Completed 500 Internal Server Error in 4745ms (ActiveRecord: 0.0ms)


  
ActionView::Template::Error (undefined local variable or method `total' for #<#<Class:0x41cd510>:0x41b5570>):
    4:  <button type="button">Calcular</button><br>
    5:  <label>El resultado es</label>
    6:  <input type="text" name="resultado">
    7: <h1><%= total%></h1>
  
app/views/controlador/index.html.erb:7:in `_app_views_controlador_index_html_erb___94102464_34501836'
Started GET "/controlador" for 127.0.0.1 at 2021-12-21 15:19:50 -0300
Processing by ControladorController#index as HTML
  Rendering controlador/index.html.erb within layouts/application
  Rendered controlador/index.html.erb within layouts/application (1.6ms)
Completed 200 OK in 4480ms (Views: 191.0ms | ActiveRecord: 0.0ms)


Started GET "/controlador" for 127.0.0.1 at 2021-12-21 15:24:58 -0300
Processing by ControladorController#index as HTML
  Rendering controlador/index.html.erb within layouts/application
  Rendered controlador/index.html.erb within layouts/application (1.7ms)
Completed 200 OK in 2608ms (Views: 198.1ms | ActiveRecord: 0.0ms)


Started GET "/controlador" for 127.0.0.1 at 2021-12-21 15:25:47 -0300
Processing by ControladorController#index as HTML
  Rendering controlador/index.html.erb within layouts/application
  Rendered controlador/index.html.erb within layouts/application (0.3ms)
Completed 200 OK in 3741ms (Views: 66.5ms | ActiveRecord: 0.0ms)


Started GET "/controlador" for 127.0.0.1 at 2021-12-21 15:26:09 -0300
Processing by ControladorController#index as HTML
  Rendering controlador/index.html.erb within layouts/application
  Rendered controlador/index.html.erb within layouts/application (1.6ms)
Completed 200 OK in 1944ms (Views: 193.8ms | ActiveRecord: 0.0ms)


Started GET "/controlador" for 127.0.0.1 at 2021-12-21 15:26:58 -0300
Processing by ControladorController#index as HTML
  Rendering controlador/index.html.erb within layouts/application
  Rendered controlador/index.html.erb within layouts/application (0.3ms)
Completed 200 OK in 3195ms (Views: 63.6ms | ActiveRecord: 0.0ms)


Started GET "/controlador" for 127.0.0.1 at 2021-12-21 15:27:45 -0300
Processing by ControladorController#index as HTML
  Rendering controlador/index.html.erb within layouts/application
  Rendered controlador/index.html.erb within layouts/application (1.5ms)
Completed 200 OK in 3056ms (Views: 192.3ms | ActiveRecord: 0.0ms)


Started GET "/controlador" for 127.0.0.1 at 2021-12-21 15:28:26 -0300
Processing by ControladorController#index as HTML
Completed 500 Internal Server Error in 3190ms (ActiveRecord: 0.0ms)


  
NameError (undefined local variable or method `h' for #<ControladorController:0x41c5698>
Did you mean?  head
               hash
               Hash
               @h):
  
app/controllers/controlador_controller.rb:11:in `block in index'
app/controllers/controlador_controller.rb:11:in `map'
app/controllers/controlador_controller.rb:11:in `index'
Started GET "/controlador" for 127.0.0.1 at 2021-12-21 15:29:27 -0300
Processing by ControladorController#index as HTML
Completed 500 Internal Server Error in 3364ms (ActiveRecord: 0.0ms)


  
NameError (undefined local variable or method `h' for #<ControladorController:0x4170108>
Did you mean?  head
               hash
               Hash
               @h):
  
app/controllers/controlador_controller.rb:11:in `block in index'
app/controllers/controlador_controller.rb:11:in `map'
app/controllers/controlador_controller.rb:11:in `index'
Started GET "/controlador" for 127.0.0.1 at 2021-12-21 15:36:25 -0300
Processing by ControladorController#index as HTML
Completed 500 Internal Server Error in 2177ms (ActiveRecord: 0.0ms)


  
NameError (undefined local variable or method `h' for #<ControladorController:0x4189890>
Did you mean?  head
               hash
               Hash
               @h):
  
app/controllers/controlador_controller.rb:11:in `block in index'
app/controllers/controlador_controller.rb:11:in `map'
app/controllers/controlador_controller.rb:11:in `index'
Started GET "/controlador" for 127.0.0.1 at 2021-12-21 15:37:09 -0300
Processing by ControladorController#index as HTML
  Rendering controlador/index.html.erb within layouts/application
  Rendered controlador/index.html.erb within layouts/application (162.4ms)
Completed 500 Internal Server Error in 230ms (ActiveRecord: 0.0ms)


  
ActionView::Template::Error (undefined local variable or method `form' for #<#<Class:0x4176eb8>:0x4167c00>
Did you mean?  format
               formats
               form_for
               form_tag
               formats=
               form_with
               fork):
    1: <h1>Bienvenido</h1>
    2: <label>Ingrese una palabra</label>
    3: <div>
    4:     <%= form.label :array_palabra %><br>
    5:     <%= form.text_field :palabra %>
    6:   </div>
    7:  <button type="button">Calcular</button><br>
  
app/views/controlador/index.html.erb:4:in `_app_views_controlador_index_html_erb__766739954_34324392'
Started GET "/controlador" for 127.0.0.1 at 2021-12-21 15:37:42 -0300
Processing by ControladorController#index as HTML
  Rendering controlador/index.html.erb within layouts/application
  Rendered controlador/index.html.erb within layouts/application (135.3ms)
Completed 500 Internal Server Error in 2908ms (ActiveRecord: 0.0ms)


  
ActionView::Template::Error (undefined local variable or method `form' for #<#<Class:0x4176eb8>:0x598c338>
Did you mean?  format
               formats
               form_for
               form_tag
               formats=
               form_with
               fork):
    1: <h1>Bienvenido</h1>
    2: <label>Ingrese una palabra</label>
    3: <div>
    4:     <%= form.label :palabra %><br>
    5:     <%= form.text_field :palabra %>
    6:   </div>
    7:  <button type="button">Calcular</button><br>
  
app/views/controlador/index.html.erb:4:in `_app_views_controlador_index_html_erb__766739954_46950312'
Started GET "/controlador" for 127.0.0.1 at 2021-12-21 15:42:17 -0300
Processing by ControladorController#index as HTML
Completed 500 Internal Server Error in 8ms (ActiveRecord: 0.0ms)


  
NameError (uninitialized constant ControladorController::Palabra):
  
app/controllers/controlador_controller.rb:4:in `index'
Started GET "/controlador" for 127.0.0.1 at 2021-12-21 15:42:58 -0300
Processing by ControladorController#index as HTML
Completed 500 Internal Server Error in 7ms (ActiveRecord: 0.0ms)


  
NoMethodError (undefined method `new' for nil:NilClass):
  
app/controllers/controlador_controller.rb:4:in `index'
Started GET "/controlador" for 127.0.0.1 at 2021-12-21 15:43:40 -0300
Processing by ControladorController#index as HTML
  Rendering controlador/index.html.erb within layouts/application
  Rendered controlador/index.html.erb within layouts/application (157.2ms)
Completed 500 Internal Server Error in 2683ms (ActiveRecord: 0.0ms)


  
ActionView::Template::Error (undefined local variable or method `form' for #<#<Class:0x3f8e818>:0x40c3d28>
Did you mean?  format
               formats
               form_for
               form_tag
               formats=
               form_with
               fork):
    1: <h1>Bienvenido</h1>
    2: <label>Ingrese una palabra</label>
    3: <div>
    4:     <%= form.label :palabra %><br>
    5:     <%= form.text_field :palabra %>
    6:   </div>
    7:  <button type="button">Calcular</button><br>
  
app/views/controlador/index.html.erb:4:in `_app_views_controlador_index_html_erb__777500201_33355452'
Started GET "/controlador" for ::1 at 2021-12-21 15:44:26 -0300
Processing by ControladorController#index as HTML
  Rendering controlador/index.html.erb within layouts/application
  Rendered controlador/index.html.erb within layouts/application (1.5ms)
Completed 200 OK in 2710ms (Views: 191.3ms | ActiveRecord: 0.0ms)


Started GET "/controlador" for ::1 at 2021-12-21 15:45:11 -0300
Processing by ControladorController#index as HTML
  Rendering controlador/index.html.erb within layouts/application
  Rendered controlador/index.html.erb within layouts/application (0.3ms)
Completed 200 OK in 3556ms (Views: 65.9ms | ActiveRecord: 0.0ms)


Started GET "/controlador" for 127.0.0.1 at 2021-12-21 17:39:39 -0300
Processing by ControladorController#index as HTML
  Rendering controlador/index.html.erb within layouts/application
  Rendered controlador/index.html.erb within layouts/application (69.3ms)
Completed 200 OK in 167614ms (Views: 512.1ms | ActiveRecord: 0.0ms)


Started GET "/controlador" for 127.0.0.1 at 2021-12-21 17:43:40 -0300
Processing by ControladorController#index as HTML
  Rendering controlador/index.html.erb within layouts/application
  Rendered controlador/index.html.erb within layouts/application (1.2ms)
Completed 200 OK in 3464ms (Views: 66.2ms | ActiveRecord: 0.0ms)


Started GET "/controlador" for 127.0.0.1 at 2021-12-21 17:44:33 -0300
Processing by ControladorController#index as HTML
  Rendering controlador/index.html.erb within layouts/application
  Rendered controlador/index.html.erb within layouts/application (1.2ms)
Completed 200 OK in 2877ms (Views: 67.8ms | ActiveRecord: 0.0ms)


Started GET "/controlador" for 127.0.0.1 at 2021-12-21 17:45:30 -0300
Processing by ControladorController#index as HTML
  Rendering controlador/index.html.erb within layouts/application
  Rendered controlador/index.html.erb within layouts/application (1.7ms)
Completed 200 OK in 3735ms (Views: 80.7ms | ActiveRecord: 0.0ms)


Started GET "/controlador" for 127.0.0.1 at 2021-12-21 17:45:59 -0300
Processing by ControladorController#index as HTML
  Rendering controlador/index.html.erb within layouts/application
  Rendered controlador/index.html.erb within layouts/application (1.1ms)
Completed 200 OK in 2941ms (Views: 72.8ms | ActiveRecord: 0.0ms)


Started GET "/controlador" for 127.0.0.1 at 2021-12-21 17:46:34 -0300
Processing by ControladorController#index as HTML
  Rendering controlador/index.html.erb within layouts/application
  Rendered controlador/index.html.erb within layouts/application (1.2ms)
Completed 200 OK in 3765ms (Views: 68.0ms | ActiveRecord: 0.0ms)


Started GET "/controlador" for 127.0.0.1 at 2021-12-21 18:06:45 -0300
Processing by ControladorController#index as HTML
  Rendering controlador/index.html.erb within layouts/application
  Rendered controlador/index.html.erb within layouts/application (1.3ms)
Completed 200 OK in 3100ms (Views: 64.7ms | ActiveRecord: 0.0ms)


Started POST "/controlador" for 127.0.0.1 at 2021-12-21 18:06:55 -0300
  
ActionController::RoutingError (No route matches [POST] "/controlador"):
  
actionpack (5.2.6) lib/action_dispatch/middleware/debug_exceptions.rb:65:in `call'
web-console (3.7.0) lib/web_console/middleware.rb:135:in `call_app'
web-console (3.7.0) lib/web_console/middleware.rb:30:in `block in call'
web-console (3.7.0) lib/web_console/middleware.rb:20:in `catch'
web-console (3.7.0) lib/web_console/middleware.rb:20:in `call'
actionpack (5.2.6) lib/action_dispatch/middleware/show_exceptions.rb:33:in `call'
railties (5.2.6) lib/rails/rack/logger.rb:38:in `call_app'
railties (5.2.6) lib/rails/rack/logger.rb:26:in `block in call'
activesupport (5.2.6) lib/active_support/tagged_logging.rb:71:in `block in tagged'
activesupport (5.2.6) lib/active_support/tagged_logging.rb:28:in `tagged'
activesupport (5.2.6) lib/active_support/tagged_logging.rb:71:in `tagged'
railties (5.2.6) lib/rails/rack/logger.rb:26:in `call'
sprockets-rails (3.2.2) lib/sprockets/rails/quiet_assets.rb:13:in `call'
actionpack (5.2.6) lib/action_dispatch/middleware/remote_ip.rb:81:in `call'
actionpack (5.2.6) lib/action_dispatch/middleware/request_id.rb:27:in `call'
rack (2.2.3) lib/rack/method_override.rb:24:in `call'
rack (2.2.3) lib/rack/runtime.rb:22:in `call'
activesupport (5.2.6) lib/active_support/cache/strategy/local_cache_middleware.rb:29:in `call'
actionpack (5.2.6) lib/action_dispatch/middleware/executor.rb:14:in `call'
actionpack (5.2.6) lib/action_dispatch/middleware/static.rb:127:in `call'
rack (2.2.3) lib/rack/sendfile.rb:110:in `call'
railties (5.2.6) lib/rails/engine.rb:524:in `call'
puma (3.12.6) lib/puma/configuration.rb:227:in `call'
puma (3.12.6) lib/puma/server.rb:706:in `handle_request'
puma (3.12.6) lib/puma/server.rb:476:in `process_client'
puma (3.12.6) lib/puma/server.rb:334:in `block in run'
puma (3.12.6) lib/puma/thread_pool.rb:135:in `block in spawn_thread'
Started GET "/controlador" for 127.0.0.1 at 2021-12-21 18:44:34 -0300
Processing by ControladorController#index as HTML
  Rendering controlador/index.html.erb within layouts/application
  Rendered controlador/index.html.erb within layouts/application (1.7ms)
Completed 200 OK in 5077ms (Views: 199.3ms | ActiveRecord: 0.0ms)


Started GET "/controlador" for 127.0.0.1 at 2021-12-21 18:46:34 -0300
Processing by ControladorController#index as HTML
  Rendering controlador/index.html.erb within layouts/application
  Rendered controlador/index.html.erb within layouts/application (0.3ms)
Completed 200 OK in 2989ms (Views: 64.8ms | ActiveRecord: 0.0ms)


Started GET "/controlador" for 127.0.0.1 at 2021-12-21 18:56:36 -0300
Processing by ControladorController#index as HTML
  Rendering controlador/index.html.erb within layouts/application
  Rendered controlador/index.html.erb within layouts/application (1.5ms)
Completed 200 OK in 4132ms (Views: 196.5ms | ActiveRecord: 0.0ms)


Started POST "/resultado" for 127.0.0.1 at 2021-12-21 18:56:50 -0300
  
ActionController::RoutingError (No route matches [POST] "/resultado"):
  
actionpack (5.2.6) lib/action_dispatch/middleware/debug_exceptions.rb:65:in `call'
web-console (3.7.0) lib/web_console/middleware.rb:135:in `call_app'
web-console (3.7.0) lib/web_console/middleware.rb:30:in `block in call'
web-console (3.7.0) lib/web_console/middleware.rb:20:in `catch'
web-console (3.7.0) lib/web_console/middleware.rb:20:in `call'
actionpack (5.2.6) lib/action_dispatch/middleware/show_exceptions.rb:33:in `call'
railties (5.2.6) lib/rails/rack/logger.rb:38:in `call_app'
railties (5.2.6) lib/rails/rack/logger.rb:26:in `block in call'
activesupport (5.2.6) lib/active_support/tagged_logging.rb:71:in `block in tagged'
activesupport (5.2.6) lib/active_support/tagged_logging.rb:28:in `tagged'
activesupport (5.2.6) lib/active_support/tagged_logging.rb:71:in `tagged'
railties (5.2.6) lib/rails/rack/logger.rb:26:in `call'
sprockets-rails (3.2.2) lib/sprockets/rails/quiet_assets.rb:13:in `call'
actionpack (5.2.6) lib/action_dispatch/middleware/remote_ip.rb:81:in `call'
actionpack (5.2.6) lib/action_dispatch/middleware/request_id.rb:27:in `call'
rack (2.2.3) lib/rack/method_override.rb:24:in `call'
rack (2.2.3) lib/rack/runtime.rb:22:in `call'
activesupport (5.2.6) lib/active_support/cache/strategy/local_cache_middleware.rb:29:in `call'
actionpack (5.2.6) lib/action_dispatch/middleware/executor.rb:14:in `call'
actionpack (5.2.6) lib/action_dispatch/middleware/static.rb:127:in `call'
rack (2.2.3) lib/rack/sendfile.rb:110:in `call'
railties (5.2.6) lib/rails/engine.rb:524:in `call'
puma (3.12.6) lib/puma/configuration.rb:227:in `call'
puma (3.12.6) lib/puma/server.rb:706:in `handle_request'
puma (3.12.6) lib/puma/server.rb:476:in `process_client'
puma (3.12.6) lib/puma/server.rb:334:in `block in run'
puma (3.12.6) lib/puma/thread_pool.rb:135:in `block in spawn_thread'
Started POST "/resultado" for 127.0.0.1 at 2021-12-21 19:04:44 -0300
  
ActionController::RoutingError (No route matches [POST] "/resultado"):
  
actionpack (5.2.6) lib/action_dispatch/middleware/debug_exceptions.rb:65:in `call'
web-console (3.7.0) lib/web_console/middleware.rb:135:in `call_app'
web-console (3.7.0) lib/web_console/middleware.rb:30:in `block in call'
web-console (3.7.0) lib/web_console/middleware.rb:20:in `catch'
web-console (3.7.0) lib/web_console/middleware.rb:20:in `call'
actionpack (5.2.6) lib/action_dispatch/middleware/show_exceptions.rb:33:in `call'
railties (5.2.6) lib/rails/rack/logger.rb:38:in `call_app'
railties (5.2.6) lib/rails/rack/logger.rb:26:in `block in call'
activesupport (5.2.6) lib/active_support/tagged_logging.rb:71:in `block in tagged'
activesupport (5.2.6) lib/active_support/tagged_logging.rb:28:in `tagged'
activesupport (5.2.6) lib/active_support/tagged_logging.rb:71:in `tagged'
railties (5.2.6) lib/rails/rack/logger.rb:26:in `call'
sprockets-rails (3.2.2) lib/sprockets/rails/quiet_assets.rb:13:in `call'
actionpack (5.2.6) lib/action_dispatch/middleware/remote_ip.rb:81:in `call'
actionpack (5.2.6) lib/action_dispatch/middleware/request_id.rb:27:in `call'
rack (2.2.3) lib/rack/method_override.rb:24:in `call'
rack (2.2.3) lib/rack/runtime.rb:22:in `call'
activesupport (5.2.6) lib/active_support/cache/strategy/local_cache_middleware.rb:29:in `call'
actionpack (5.2.6) lib/action_dispatch/middleware/executor.rb:14:in `call'
actionpack (5.2.6) lib/action_dispatch/middleware/static.rb:127:in `call'
rack (2.2.3) lib/rack/sendfile.rb:110:in `call'
railties (5.2.6) lib/rails/engine.rb:524:in `call'
puma (3.12.6) lib/puma/configuration.rb:227:in `call'
puma (3.12.6) lib/puma/server.rb:706:in `handle_request'
puma (3.12.6) lib/puma/server.rb:476:in `process_client'
puma (3.12.6) lib/puma/server.rb:334:in `block in run'
puma (3.12.6) lib/puma/thread_pool.rb:135:in `block in spawn_thread'
Started GET "/controlador" for 127.0.0.1 at 2021-12-21 19:06:44 -0300
  
ActionController::RoutingError (undefined method `post' for ControladorController:Class):
  
app/controllers/controlador_controller.rb:21:in `<class:ControladorController>'
app/controllers/controlador_controller.rb:1:in `<top (required)>'
Started GET "/controlador" for 127.0.0.1 at 2021-12-21 19:07:33 -0300
Processing by ControladorController#index as HTML
  Rendering controlador/index.html.erb within layouts/application
  Rendered controlador/index.html.erb within layouts/application (0.3ms)
Completed 200 OK in 8139ms (Views: 177.9ms | ActiveRecord: 0.0ms)


Started POST "/resultado" for 127.0.0.1 at 2021-12-21 19:07:51 -0300
  
ActionController::RoutingError (No route matches [POST] "/resultado"):
  
actionpack (5.2.6) lib/action_dispatch/middleware/debug_exceptions.rb:65:in `call'
web-console (3.7.0) lib/web_console/middleware.rb:135:in `call_app'
web-console (3.7.0) lib/web_console/middleware.rb:30:in `block in call'
web-console (3.7.0) lib/web_console/middleware.rb:20:in `catch'
web-console (3.7.0) lib/web_console/middleware.rb:20:in `call'
actionpack (5.2.6) lib/action_dispatch/middleware/show_exceptions.rb:33:in `call'
railties (5.2.6) lib/rails/rack/logger.rb:38:in `call_app'
railties (5.2.6) lib/rails/rack/logger.rb:26:in `block in call'
activesupport (5.2.6) lib/active_support/tagged_logging.rb:71:in `block in tagged'
activesupport (5.2.6) lib/active_support/tagged_logging.rb:28:in `tagged'
activesupport (5.2.6) lib/active_support/tagged_logging.rb:71:in `tagged'
railties (5.2.6) lib/rails/rack/logger.rb:26:in `call'
sprockets-rails (3.2.2) lib/sprockets/rails/quiet_assets.rb:13:in `call'
actionpack (5.2.6) lib/action_dispatch/middleware/remote_ip.rb:81:in `call'
actionpack (5.2.6) lib/action_dispatch/middleware/request_id.rb:27:in `call'
rack (2.2.3) lib/rack/method_override.rb:24:in `call'
rack (2.2.3) lib/rack/runtime.rb:22:in `call'
activesupport (5.2.6) lib/active_support/cache/strategy/local_cache_middleware.rb:29:in `call'
actionpack (5.2.6) lib/action_dispatch/middleware/executor.rb:14:in `call'
actionpack (5.2.6) lib/action_dispatch/middleware/static.rb:127:in `call'
rack (2.2.3) lib/rack/sendfile.rb:110:in `call'
railties (5.2.6) lib/rails/engine.rb:524:in `call'
puma (3.12.6) lib/puma/configuration.rb:227:in `call'
puma (3.12.6) lib/puma/server.rb:706:in `handle_request'
puma (3.12.6) lib/puma/server.rb:476:in `process_client'
puma (3.12.6) lib/puma/server.rb:334:in `block in run'
puma (3.12.6) lib/puma/thread_pool.rb:135:in `block in spawn_thread'
Started POST "/resultado" for 127.0.0.1 at 2021-12-21 19:08:43 -0300
  
ArgumentError (Missing :controller key on routes definition, please check your routes.):
  
config/routes.rb:3:in `block in <top (required)>'
config/routes.rb:1:in `<top (required)>'
Started POST "/resultado" for 127.0.0.1 at 2021-12-21 19:09:12 -0300
  
ActionController::RoutingError (No route matches [POST] "/resultado"):
  
actionpack (5.2.6) lib/action_dispatch/middleware/debug_exceptions.rb:65:in `call'
web-console (3.7.0) lib/web_console/middleware.rb:135:in `call_app'
web-console (3.7.0) lib/web_console/middleware.rb:30:in `block in call'
web-console (3.7.0) lib/web_console/middleware.rb:20:in `catch'
web-console (3.7.0) lib/web_console/middleware.rb:20:in `call'
actionpack (5.2.6) lib/action_dispatch/middleware/show_exceptions.rb:33:in `call'
railties (5.2.6) lib/rails/rack/logger.rb:38:in `call_app'
railties (5.2.6) lib/rails/rack/logger.rb:26:in `block in call'
activesupport (5.2.6) lib/active_support/tagged_logging.rb:71:in `block in tagged'
activesupport (5.2.6) lib/active_support/tagged_logging.rb:28:in `tagged'
activesupport (5.2.6) lib/active_support/tagged_logging.rb:71:in `tagged'
railties (5.2.6) lib/rails/rack/logger.rb:26:in `call'
sprockets-rails (3.2.2) lib/sprockets/rails/quiet_assets.rb:13:in `call'
actionpack (5.2.6) lib/action_dispatch/middleware/remote_ip.rb:81:in `call'
actionpack (5.2.6) lib/action_dispatch/middleware/request_id.rb:27:in `call'
rack (2.2.3) lib/rack/method_override.rb:24:in `call'
rack (2.2.3) lib/rack/runtime.rb:22:in `call'
activesupport (5.2.6) lib/active_support/cache/strategy/local_cache_middleware.rb:29:in `call'
actionpack (5.2.6) lib/action_dispatch/middleware/executor.rb:14:in `call'
actionpack (5.2.6) lib/action_dispatch/middleware/static.rb:127:in `call'
rack (2.2.3) lib/rack/sendfile.rb:110:in `call'
railties (5.2.6) lib/rails/engine.rb:524:in `call'
puma (3.12.6) lib/puma/configuration.rb:227:in `call'
puma (3.12.6) lib/puma/server.rb:706:in `handle_request'
puma (3.12.6) lib/puma/server.rb:476:in `process_client'
puma (3.12.6) lib/puma/server.rb:334:in `block in run'
puma (3.12.6) lib/puma/thread_pool.rb:135:in `block in spawn_thread'
Started GET "/controlador" for 127.0.0.1 at 2021-12-21 19:09:30 -0300
Processing by ControladorController#index as HTML
  Rendering controlador/index.html.erb within layouts/application
  Rendered controlador/index.html.erb within layouts/application (1.6ms)
Completed 200 OK in 2136ms (Views: 192.8ms | ActiveRecord: 0.0ms)


Started POST "/resultado" for 127.0.0.1 at 2021-12-21 19:09:43 -0300
  
ActionController::RoutingError (No route matches [POST] "/resultado"):
  
actionpack (5.2.6) lib/action_dispatch/middleware/debug_exceptions.rb:65:in `call'
web-console (3.7.0) lib/web_console/middleware.rb:135:in `call_app'
web-console (3.7.0) lib/web_console/middleware.rb:30:in `block in call'
web-console (3.7.0) lib/web_console/middleware.rb:20:in `catch'
web-console (3.7.0) lib/web_console/middleware.rb:20:in `call'
actionpack (5.2.6) lib/action_dispatch/middleware/show_exceptions.rb:33:in `call'
railties (5.2.6) lib/rails/rack/logger.rb:38:in `call_app'
railties (5.2.6) lib/rails/rack/logger.rb:26:in `block in call'
activesupport (5.2.6) lib/active_support/tagged_logging.rb:71:in `block in tagged'
activesupport (5.2.6) lib/active_support/tagged_logging.rb:28:in `tagged'
activesupport (5.2.6) lib/active_support/tagged_logging.rb:71:in `tagged'
railties (5.2.6) lib/rails/rack/logger.rb:26:in `call'
sprockets-rails (3.2.2) lib/sprockets/rails/quiet_assets.rb:13:in `call'
actionpack (5.2.6) lib/action_dispatch/middleware/remote_ip.rb:81:in `call'
actionpack (5.2.6) lib/action_dispatch/middleware/request_id.rb:27:in `call'
rack (2.2.3) lib/rack/method_override.rb:24:in `call'
rack (2.2.3) lib/rack/runtime.rb:22:in `call'
activesupport (5.2.6) lib/active_support/cache/strategy/local_cache_middleware.rb:29:in `call'
actionpack (5.2.6) lib/action_dispatch/middleware/executor.rb:14:in `call'
actionpack (5.2.6) lib/action_dispatch/middleware/static.rb:127:in `call'
rack (2.2.3) lib/rack/sendfile.rb:110:in `call'
railties (5.2.6) lib/rails/engine.rb:524:in `call'
puma (3.12.6) lib/puma/configuration.rb:227:in `call'
puma (3.12.6) lib/puma/server.rb:706:in `handle_request'
puma (3.12.6) lib/puma/server.rb:476:in `process_client'
puma (3.12.6) lib/puma/server.rb:334:in `block in run'
puma (3.12.6) lib/puma/thread_pool.rb:135:in `block in spawn_thread'
Started GET "/controlador" for 127.0.0.1 at 2021-12-21 22:27:20 -0300
Started GET "/controlador" for 127.0.0.1 at 2021-12-21 22:27:20 -0300
Started GET "/" for 127.0.0.1 at 2021-12-21 22:27:20 -0300
Started GET "/controlador" for 127.0.0.1 at 2021-12-21 22:27:20 -0300
Processing by ControladorController#index as HTML
Processing by ControladorController#index as HTML
  Rendering controlador/index.html.erb within layouts/application
  Rendered controlador/index.html.erb within layouts/application (4.3ms)
Completed 200 OK in 4308ms (Views: 408.9ms | ActiveRecord: 0.0ms)


  Rendering controlador/index.html.erb within layouts/application
  Rendered controlador/index.html.erb within layouts/application (0.3ms)
Completed 200 OK in 127861ms (Views: 62.8ms | ActiveRecord: 0.0ms)


Processing by Rails::WelcomeController#index as HTML
Processing by ControladorController#index as HTML
  Rendering C:/RailsInstaller/Ruby2.3.3/lib/ruby/gems/2.3.0/gems/railties-5.2.6/lib/rails/templates/rails/welcome/index.html.erb
  Rendered C:/RailsInstaller/Ruby2.3.3/lib/ruby/gems/2.3.0/gems/railties-5.2.6/lib/rails/templates/rails/welcome/index.html.erb (2.2ms)
Completed 200 OK in 120ms (Views: 79.9ms | ActiveRecord: 0.0ms)


Started GET "/controlador" for 127.0.0.1 at 2021-12-21 22:40:06 -0300
  Rendering controlador/index.html.erb within layouts/application
  Rendered controlador/index.html.erb within layouts/application (0.3ms)
Completed 200 OK in 646271ms (Views: 77.2ms | ActiveRecord: 0.0ms)


Processing by ControladorController#index as HTML
  Rendering controlador/index.html.erb within layouts/application
  Rendered controlador/index.html.erb within layouts/application (0.1ms)
Completed 200 OK in 80ms (Views: 66.0ms | ActiveRecord: 0.0ms)


Started GET "/resultado?palabra=A" for 127.0.0.1 at 2021-12-21 22:40:28 -0300
Processing by ControladorController#resultado as HTML
  Parameters: {"palabra"=>"A"}
Completed 500 Internal Server Error in 113ms (ActiveRecord: 0.0ms)


  
NameError (undefined local variable or method `palabra' for #<ControladorController:0x5cfc310>
Did you mean?  @palabra):
  
app/controllers/controlador_controller.rb:14:in `resultado'
Started GET "/resultado?palabra=A" for 127.0.0.1 at 2021-12-21 22:42:27 -0300
Processing by ControladorController#resultado as HTML
  Parameters: {"palabra"=>"A"}
Completed 500 Internal Server Error in 122ms (ActiveRecord: 0.0ms)


  
NameError (undefined local variable or method `total' for #<ControladorController:0x9be3548>
Did you mean?  @total):
  
app/controllers/controlador_controller.rb:21:in `block in resultado'
app/controllers/controlador_controller.rb:18:in `each'
app/controllers/controlador_controller.rb:18:in `resultado'
Started GET "/controlador" for 127.0.0.1 at 2021-12-21 22:42:31 -0300
Processing by ControladorController#index as HTML
  Rendering controlador/index.html.erb within layouts/application
  Rendered controlador/index.html.erb within layouts/application (0.2ms)
Completed 200 OK in 98ms (Views: 83.8ms | ActiveRecord: 0.0ms)


Started GET "/resultado?palabra=AA" for 127.0.0.1 at 2021-12-21 22:42:36 -0300
Processing by ControladorController#resultado as HTML
  Parameters: {"palabra"=>"AA"}
Completed 500 Internal Server Error in 83ms (ActiveRecord: 0.0ms)


  
NameError (undefined local variable or method `total' for #<ControladorController:0x9e9f1d8>
Did you mean?  @total):
  
app/controllers/controlador_controller.rb:21:in `block in resultado'
app/controllers/controlador_controller.rb:18:in `each'
app/controllers/controlador_controller.rb:18:in `resultado'
Started GET "/resultado?palabra=AA" for 127.0.0.1 at 2021-12-21 22:43:03 -0300
Processing by ControladorController#resultado as HTML
  Parameters: {"palabra"=>"AA"}
Completed 406 Not Acceptable in 920ms (ActiveRecord: 0.0ms)


  
ActionController::UnknownFormat (ControladorController#resultado is missing a template for this request format and variant.

request.formats: ["text/html"]
request.variant: []

NOTE! For XHR/Ajax or API requests, this action would normally respond with 204 No Content: an empty white screen. Since you're loading it in a web browser, we assume that you expected to actually render a template, not nothing, so we're showing an error to be extra-clear. If you expect 204 No Content, carry on. That's what you'll get from an XHR or API request. Give it a shot.):
  
actionpack (5.2.6) lib/action_controller/metal/implicit_render.rb:55:in `default_render'
actionpack (5.2.6) lib/action_controller/metal/basic_implicit_render.rb:6:in `block in send_action'
actionpack (5.2.6) lib/action_controller/metal/basic_implicit_render.rb:6:in `tap'
actionpack (5.2.6) lib/action_controller/metal/basic_implicit_render.rb:6:in `send_action'
actionpack (5.2.6) lib/abstract_controller/base.rb:194:in `process_action'
actionpack (5.2.6) lib/action_controller/metal/rendering.rb:30:in `process_action'
actionpack (5.2.6) lib/abstract_controller/callbacks.rb:42:in `block in process_action'
activesupport (5.2.6) lib/active_support/callbacks.rb:132:in `run_callbacks'
actionpack (5.2.6) lib/abstract_controller/callbacks.rb:41:in `process_action'
actionpack (5.2.6) lib/action_controller/metal/rescue.rb:22:in `process_action'
actionpack (5.2.6) lib/action_controller/metal/instrumentation.rb:34:in `block in process_action'
activesupport (5.2.6) lib/active_support/notifications.rb:168:in `block in instrument'
activesupport (5.2.6) lib/active_support/notifications/instrumenter.rb:23:in `instrument'
activesupport (5.2.6) lib/active_support/notifications.rb:168:in `instrument'
actionpack (5.2.6) lib/action_controller/metal/instrumentation.rb:32:in `process_action'
actionpack (5.2.6) lib/action_controller/metal/params_wrapper.rb:256:in `process_action'
activerecord (5.2.6) lib/active_record/railties/controller_runtime.rb:24:in `process_action'
actionpack (5.2.6) lib/abstract_controller/base.rb:134:in `process'
actionview (5.2.6) lib/action_view/rendering.rb:32:in `process'
actionpack (5.2.6) lib/action_controller/metal.rb:191:in `dispatch'
actionpack (5.2.6) lib/action_controller/metal.rb:252:in `dispatch'
actionpack (5.2.6) lib/action_dispatch/routing/route_set.rb:52:in `dispatch'
actionpack (5.2.6) lib/action_dispatch/routing/route_set.rb:34:in `serve'
actionpack (5.2.6) lib/action_dispatch/journey/router.rb:52:in `block in serve'
actionpack (5.2.6) lib/action_dispatch/journey/router.rb:35:in `each'
actionpack (5.2.6) lib/action_dispatch/journey/router.rb:35:in `serve'
actionpack (5.2.6) lib/action_dispatch/routing/route_set.rb:840:in `call'
rack (2.2.3) lib/rack/tempfile_reaper.rb:15:in `call'
rack (2.2.3) lib/rack/etag.rb:27:in `call'
rack (2.2.3) lib/rack/conditional_get.rb:27:in `call'
rack (2.2.3) lib/rack/head.rb:12:in `call'
actionpack (5.2.6) lib/action_dispatch/http/content_security_policy.rb:18:in `call'
rack (2.2.3) lib/rack/session/abstract/id.rb:266:in `context'
rack (2.2.3) lib/rack/session/abstract/id.rb:260:in `call'
actionpack (5.2.6) lib/action_dispatch/middleware/cookies.rb:670:in `call'
activerecord (5.2.6) lib/active_record/migration.rb:559:in `call'
actionpack (5.2.6) lib/action_dispatch/middleware/callbacks.rb:28:in `block in call'
activesupport (5.2.6) lib/active_support/callbacks.rb:98:in `run_callbacks'
actionpack (5.2.6) lib/action_dispatch/middleware/callbacks.rb:26:in `call'
actionpack (5.2.6) lib/action_dispatch/middleware/executor.rb:14:in `call'
actionpack (5.2.6) lib/action_dispatch/middleware/debug_exceptions.rb:61:in `call'
web-console (3.7.0) lib/web_console/middleware.rb:135:in `call_app'
web-console (3.7.0) lib/web_console/middleware.rb:30:in `block in call'
web-console (3.7.0) lib/web_console/middleware.rb:20:in `catch'
web-console (3.7.0) lib/web_console/middleware.rb:20:in `call'
actionpack (5.2.6) lib/action_dispatch/middleware/show_exceptions.rb:33:in `call'
railties (5.2.6) lib/rails/rack/logger.rb:38:in `call_app'
railties (5.2.6) lib/rails/rack/logger.rb:26:in `block in call'
activesupport (5.2.6) lib/active_support/tagged_logging.rb:71:in `block in tagged'
activesupport (5.2.6) lib/active_support/tagged_logging.rb:28:in `tagged'
activesupport (5.2.6) lib/active_support/tagged_logging.rb:71:in `tagged'
railties (5.2.6) lib/rails/rack/logger.rb:26:in `call'
sprockets-rails (3.2.2) lib/sprockets/rails/quiet_assets.rb:13:in `call'
actionpack (5.2.6) lib/action_dispatch/middleware/remote_ip.rb:81:in `call'
actionpack (5.2.6) lib/action_dispatch/middleware/request_id.rb:27:in `call'
rack (2.2.3) lib/rack/method_override.rb:24:in `call'
rack (2.2.3) lib/rack/runtime.rb:22:in `call'
activesupport (5.2.6) lib/active_support/cache/strategy/local_cache_middleware.rb:29:in `call'
actionpack (5.2.6) lib/action_dispatch/middleware/executor.rb:14:in `call'
actionpack (5.2.6) lib/action_dispatch/middleware/static.rb:127:in `call'
rack (2.2.3) lib/rack/sendfile.rb:110:in `call'
railties (5.2.6) lib/rails/engine.rb:524:in `call'
puma (3.12.6) lib/puma/configuration.rb:227:in `call'
puma (3.12.6) lib/puma/server.rb:706:in `handle_request'
puma (3.12.6) lib/puma/server.rb:476:in `process_client'
puma (3.12.6) lib/puma/server.rb:334:in `block in run'
puma (3.12.6) lib/puma/thread_pool.rb:135:in `block in spawn_thread'
Started GET "/resultado?palabra=AA" for 127.0.0.1 at 2021-12-21 22:43:07 -0300
Processing by ControladorController#resultado as HTML
  Parameters: {"palabra"=>"AA"}
Completed 406 Not Acceptable in 1259ms (ActiveRecord: 0.0ms)


  
ActionController::UnknownFormat (ControladorController#resultado is missing a template for this request format and variant.

request.formats: ["text/html"]
request.variant: []

NOTE! For XHR/Ajax or API requests, this action would normally respond with 204 No Content: an empty white screen. Since you're loading it in a web browser, we assume that you expected to actually render a template, not nothing, so we're showing an error to be extra-clear. If you expect 204 No Content, carry on. That's what you'll get from an XHR or API request. Give it a shot.):
  
actionpack (5.2.6) lib/action_controller/metal/implicit_render.rb:55:in `default_render'
actionpack (5.2.6) lib/action_controller/metal/basic_implicit_render.rb:6:in `block in send_action'
actionpack (5.2.6) lib/action_controller/metal/basic_implicit_render.rb:6:in `tap'
actionpack (5.2.6) lib/action_controller/metal/basic_implicit_render.rb:6:in `send_action'
actionpack (5.2.6) lib/abstract_controller/base.rb:194:in `process_action'
actionpack (5.2.6) lib/action_controller/metal/rendering.rb:30:in `process_action'
actionpack (5.2.6) lib/abstract_controller/callbacks.rb:42:in `block in process_action'
activesupport (5.2.6) lib/active_support/callbacks.rb:132:in `run_callbacks'
actionpack (5.2.6) lib/abstract_controller/callbacks.rb:41:in `process_action'
actionpack (5.2.6) lib/action_controller/metal/rescue.rb:22:in `process_action'
actionpack (5.2.6) lib/action_controller/metal/instrumentation.rb:34:in `block in process_action'
activesupport (5.2.6) lib/active_support/notifications.rb:168:in `block in instrument'
activesupport (5.2.6) lib/active_support/notifications/instrumenter.rb:23:in `instrument'
activesupport (5.2.6) lib/active_support/notifications.rb:168:in `instrument'
actionpack (5.2.6) lib/action_controller/metal/instrumentation.rb:32:in `process_action'
actionpack (5.2.6) lib/action_controller/metal/params_wrapper.rb:256:in `process_action'
activerecord (5.2.6) lib/active_record/railties/controller_runtime.rb:24:in `process_action'
actionpack (5.2.6) lib/abstract_controller/base.rb:134:in `process'
actionview (5.2.6) lib/action_view/rendering.rb:32:in `process'
actionpack (5.2.6) lib/action_controller/metal.rb:191:in `dispatch'
actionpack (5.2.6) lib/action_controller/metal.rb:252:in `dispatch'
actionpack (5.2.6) lib/action_dispatch/routing/route_set.rb:52:in `dispatch'
actionpack (5.2.6) lib/action_dispatch/routing/route_set.rb:34:in `serve'
actionpack (5.2.6) lib/action_dispatch/journey/router.rb:52:in `block in serve'
actionpack (5.2.6) lib/action_dispatch/journey/router.rb:35:in `each'
actionpack (5.2.6) lib/action_dispatch/journey/router.rb:35:in `serve'
actionpack (5.2.6) lib/action_dispatch/routing/route_set.rb:840:in `call'
rack (2.2.3) lib/rack/tempfile_reaper.rb:15:in `call'
rack (2.2.3) lib/rack/etag.rb:27:in `call'
rack (2.2.3) lib/rack/conditional_get.rb:27:in `call'
rack (2.2.3) lib/rack/head.rb:12:in `call'
actionpack (5.2.6) lib/action_dispatch/http/content_security_policy.rb:18:in `call'
rack (2.2.3) lib/rack/session/abstract/id.rb:266:in `context'
rack (2.2.3) lib/rack/session/abstract/id.rb:260:in `call'
actionpack (5.2.6) lib/action_dispatch/middleware/cookies.rb:670:in `call'
activerecord (5.2.6) lib/active_record/migration.rb:559:in `call'
actionpack (5.2.6) lib/action_dispatch/middleware/callbacks.rb:28:in `block in call'
activesupport (5.2.6) lib/active_support/callbacks.rb:98:in `run_callbacks'
actionpack (5.2.6) lib/action_dispatch/middleware/callbacks.rb:26:in `call'
actionpack (5.2.6) lib/action_dispatch/middleware/executor.rb:14:in `call'
actionpack (5.2.6) lib/action_dispatch/middleware/debug_exceptions.rb:61:in `call'
web-console (3.7.0) lib/web_console/middleware.rb:135:in `call_app'
web-console (3.7.0) lib/web_console/middleware.rb:30:in `block in call'
web-console (3.7.0) lib/web_console/middleware.rb:20:in `catch'
web-console (3.7.0) lib/web_console/middleware.rb:20:in `call'
actionpack (5.2.6) lib/action_dispatch/middleware/show_exceptions.rb:33:in `call'
railties (5.2.6) lib/rails/rack/logger.rb:38:in `call_app'
railties (5.2.6) lib/rails/rack/logger.rb:26:in `block in call'
activesupport (5.2.6) lib/active_support/tagged_logging.rb:71:in `block in tagged'
activesupport (5.2.6) lib/active_support/tagged_logging.rb:28:in `tagged'
activesupport (5.2.6) lib/active_support/tagged_logging.rb:71:in `tagged'
railties (5.2.6) lib/rails/rack/logger.rb:26:in `call'
sprockets-rails (3.2.2) lib/sprockets/rails/quiet_assets.rb:13:in `call'
actionpack (5.2.6) lib/action_dispatch/middleware/remote_ip.rb:81:in `call'
actionpack (5.2.6) lib/action_dispatch/middleware/request_id.rb:27:in `call'
rack (2.2.3) lib/rack/method_override.rb:24:in `call'
rack (2.2.3) lib/rack/runtime.rb:22:in `call'
activesupport (5.2.6) lib/active_support/cache/strategy/local_cache_middleware.rb:29:in `call'
actionpack (5.2.6) lib/action_dispatch/middleware/executor.rb:14:in `call'
actionpack (5.2.6) lib/action_dispatch/middleware/static.rb:127:in `call'
rack (2.2.3) lib/rack/sendfile.rb:110:in `call'
railties (5.2.6) lib/rails/engine.rb:524:in `call'
puma (3.12.6) lib/puma/configuration.rb:227:in `call'
puma (3.12.6) lib/puma/server.rb:706:in `handle_request'
puma (3.12.6) lib/puma/server.rb:476:in `process_client'
puma (3.12.6) lib/puma/server.rb:334:in `block in run'
puma (3.12.6) lib/puma/thread_pool.rb:135:in `block in spawn_thread'
Started GET "/resultado?palabra=AA" for 127.0.0.1 at 2021-12-21 22:45:10 -0300
Processing by ControladorController#resultado as HTML
  Parameters: {"palabra"=>"AA"}
  Rendering controlador/resultado.html.erb within layouts/application
  Rendered controlador/resultado.html.erb within layouts/application (0.5ms)
Completed 200 OK in 85ms (Views: 70.4ms | ActiveRecord: 0.0ms)


Started GET "/resultado?palabra=AA" for 127.0.0.1 at 2021-12-21 22:45:28 -0300
Processing by ControladorController#resultado as HTML
  Parameters: {"palabra"=>"AA"}
  Rendering controlador/resultado.html.erb within layouts/application
  Rendered controlador/resultado.html.erb within layouts/application (0.3ms)
Completed 200 OK in 79ms (Views: 64.4ms | ActiveRecord: 0.0ms)


Started GET "/controlador" for 127.0.0.1 at 2021-12-21 22:47:19 -0300
Processing by ControladorController#index as HTML
  Rendering controlador/index.html.erb within layouts/application
  Rendered controlador/index.html.erb within layouts/application (0.3ms)
Completed 200 OK in 77ms (Views: 63.0ms | ActiveRecord: 0.0ms)


Started GET "/asd" for 127.0.0.1 at 2021-12-21 22:47:28 -0300
  
ActionController::RoutingError (No route matches [GET] "/asd"):
  
actionpack (5.2.6) lib/action_dispatch/middleware/debug_exceptions.rb:65:in `call'
web-console (3.7.0) lib/web_console/middleware.rb:135:in `call_app'
web-console (3.7.0) lib/web_console/middleware.rb:30:in `block in call'
web-console (3.7.0) lib/web_console/middleware.rb:20:in `catch'
web-console (3.7.0) lib/web_console/middleware.rb:20:in `call'
actionpack (5.2.6) lib/action_dispatch/middleware/show_exceptions.rb:33:in `call'
railties (5.2.6) lib/rails/rack/logger.rb:38:in `call_app'
railties (5.2.6) lib/rails/rack/logger.rb:26:in `block in call'
activesupport (5.2.6) lib/active_support/tagged_logging.rb:71:in `block in tagged'
activesupport (5.2.6) lib/active_support/tagged_logging.rb:28:in `tagged'
activesupport (5.2.6) lib/active_support/tagged_logging.rb:71:in `tagged'
railties (5.2.6) lib/rails/rack/logger.rb:26:in `call'
sprockets-rails (3.2.2) lib/sprockets/rails/quiet_assets.rb:13:in `call'
actionpack (5.2.6) lib/action_dispatch/middleware/remote_ip.rb:81:in `call'
actionpack (5.2.6) lib/action_dispatch/middleware/request_id.rb:27:in `call'
rack (2.2.3) lib/rack/method_override.rb:24:in `call'
rack (2.2.3) lib/rack/runtime.rb:22:in `call'
activesupport (5.2.6) lib/active_support/cache/strategy/local_cache_middleware.rb:29:in `call'
actionpack (5.2.6) lib/action_dispatch/middleware/executor.rb:14:in `call'
actionpack (5.2.6) lib/action_dispatch/middleware/static.rb:127:in `call'
rack (2.2.3) lib/rack/sendfile.rb:110:in `call'
railties (5.2.6) lib/rails/engine.rb:524:in `call'
puma (3.12.6) lib/puma/configuration.rb:227:in `call'
puma (3.12.6) lib/puma/server.rb:706:in `handle_request'
puma (3.12.6) lib/puma/server.rb:476:in `process_client'
puma (3.12.6) lib/puma/server.rb:334:in `block in run'
puma (3.12.6) lib/puma/thread_pool.rb:135:in `block in spawn_thread'
Started GET "/controlador" for 127.0.0.1 at 2021-12-21 22:48:10 -0300
Processing by ControladorController#index as HTML
  Rendering controlador/index.html.erb within layouts/application
  Rendered controlador/index.html.erb within layouts/application (0.3ms)
Completed 200 OK in 77ms (Views: 63.3ms | ActiveRecord: 0.0ms)


Started GET "/resultado?palabra=FERROCARRIL" for 127.0.0.1 at 2021-12-21 22:48:17 -0300
Processing by ControladorController#resultado as HTML
  Parameters: {"palabra"=>"FERROCARRIL"}
  Rendering controlador/resultado.html.erb within layouts/application
  Rendered controlador/resultado.html.erb within layouts/application (0.4ms)
Completed 200 OK in 77ms (Views: 62.8ms | ActiveRecord: 0.0ms)


Started GET "/controlador" for 127.0.0.1 at 2021-12-21 22:48:21 -0300
Processing by ControladorController#index as HTML
  Rendering controlador/index.html.erb within layouts/application
  Rendered controlador/index.html.erb within layouts/application (0.3ms)
Completed 200 OK in 77ms (Views: 62.7ms | ActiveRecord: 0.0ms)


Started GET "/resultado?palabra=AA" for 127.0.0.1 at 2021-12-21 22:49:34 -0300
Processing by ControladorController#resultado as HTML
  Parameters: {"palabra"=>"AA"}
  Rendering controlador/resultado.html.erb within layouts/application
  Rendered controlador/resultado.html.erb within layouts/application (0.4ms)
Completed 200 OK in 79ms (Views: 64.3ms | ActiveRecord: 0.0ms)


Started GET "/controlador" for 127.0.0.1 at 2021-12-21 22:55:46 -0300
Processing by ControladorController#index as HTML
  Rendering controlador/index.html.erb within layouts/application
  Rendered controlador/index.html.erb within layouts/application (0.4ms)
Completed 200 OK in 79ms (Views: 65.1ms | ActiveRecord: 0.0ms)


Started GET "/resultado?palabra=AA" for 127.0.0.1 at 2021-12-21 22:59:22 -0300
Processing by ControladorController#resultado as HTML
  Parameters: {"palabra"=>"AA"}
  Rendering controlador/resultado.html.erb within layouts/application
  Rendered controlador/resultado.html.erb within layouts/application (0.4ms)
Completed 200 OK in 77ms (Views: 62.9ms | ActiveRecord: 0.0ms)


Started GET "/controlador" for 127.0.0.1 at 2021-12-21 23:09:19 -0300
Processing by ControladorController#index as HTML
  Rendering controlador/index.html.erb within layouts/application
  Rendered controlador/index.html.erb within layouts/application (0.3ms)
Completed 200 OK in 78ms (Views: 64.3ms | ActiveRecord: 0.0ms)


